<?xml version="1.0" encoding="UTF-8"?>
<!-- Generated by org.testng.reporters.JUnitReportReporter -->
<testsuite skipped="0" hostname="DESKTOP-JVOG99D" name="mypack.Add" tests="1" failures="0" timestamp="20 Feb 2019 23:48:58 GMT" time="0.643" errors="0">
  <testcase name="add" time="0.643" classname="mypack.Add"/>
</testsuite> <!-- mypack.Add -->
