<?xml version="1.0" encoding="UTF-8"?>
<!-- Generated by org.testng.reporters.JUnitReportReporter -->
<testsuite skipped="0" hostname="DESKTOP-JVOG99D" name="mypack.Testngtest3" tests="1" failures="0" timestamp="04 Dec 2018 03:47:50 GMT" time="0.016" errors="0">
  <testcase name="validatetitle" time="0.016" classname="mypack.Testngtest3"/>
</testsuite> <!-- mypack.Testngtest3 -->
