<?xml version="1.0" encoding="UTF-8"?>
<!-- Generated by org.testng.reporters.JUnitReportReporter -->
<testsuite skipped="0" hostname="DESKTOP-JVOG99D" name="mypack.Testngtest2" tests="1" failures="0" timestamp="05 Feb 2019 11:15:11 GMT" time="7.450" errors="0">
  <testcase name="validatetitle" time="7.450" classname="mypack.Testngtest2"/>
</testsuite> <!-- mypack.Testngtest2 -->
