<?xml version="1.0" encoding="UTF-8"?>
<!-- Generated by org.testng.reporters.JUnitReportReporter -->
<testsuite skipped="0" hostname="DESKTOP-JVOG99D" name="mypack.Testngtest1" tests="1" failures="0" timestamp="20 Feb 2019 23:25:52 GMT" time="10.056" errors="0">
  <testcase name="f" time="10.056" classname="mypack.Testngtest1"/>
</testsuite> <!-- mypack.Testngtest1 -->
