<?xml version="1.0" encoding="UTF-8"?>
<!-- Generated by org.testng.reporters.JUnitReportReporter -->
<testsuite skipped="0" hostname="DESKTOP-JVOG99D" name="mypack.Sample5" tests="6" failures="0" timestamp="18 Feb 2019 15:01:08 GMT" time="69.694" errors="0">
  <testcase name="dologin" time="11.102" classname="mypack.Sample5"/>
  <testcase name="dologin" time="11.567" classname="mypack.Sample5"/>
  <testcase name="dologin" time="11.266" classname="mypack.Sample5"/>
  <testcase name="dologin" time="13.324" classname="mypack.Sample5"/>
  <testcase name="dologin" time="11.180" classname="mypack.Sample5"/>
  <testcase name="dologin" time="11.255" classname="mypack.Sample5"/>
</testsuite> <!-- mypack.Sample5 -->
