<?xml version="1.0" encoding="UTF-8"?>
<!-- Generated by org.testng.reporters.JUnitReportReporter -->
<testsuite skipped="0" hostname="DESKTOP-JVOG99D" name="mypack.Testngtest1" tests="1" failures="0" timestamp="05 Feb 2019 11:07:30 GMT" time="10.207" errors="0">
  <testcase name="f" time="10.207" classname="mypack.Testngtest1"/>
</testsuite> <!-- mypack.Testngtest1 -->
