<?xml version="1.0" encoding="UTF-8"?>
<!-- Generated by org.testng.reporters.JUnitReportReporter -->
<testsuite skipped="0" hostname="DESKTOP-JVOG99D" name="mypack.Sample4" tests="5" failures="0" timestamp="07 Feb 2019 17:24:10 GMT" time="58.605" errors="0">
  <testcase name="dologin" time="11.331" classname="mypack.Sample4"/>
  <testcase name="dologin" time="11.146" classname="mypack.Sample4"/>
  <testcase name="dologin" time="13.576" classname="mypack.Sample4"/>
  <testcase name="dologin" time="11.050" classname="mypack.Sample4"/>
  <testcase name="dologin" time="11.502" classname="mypack.Sample4"/>
</testsuite> <!-- mypack.Sample4 -->
