<?xml version="1.0" encoding="UTF-8"?>
<!-- Generated by org.testng.reporters.JUnitReportReporter -->
<testsuite skipped="0" hostname="DESKTOP-JVOG99D" name="mypack.Sample5" tests="6" failures="0" timestamp="10 Dec 2018 15:37:59 GMT" time="70.391" errors="0">
  <testcase name="dologin" time="14.540" classname="mypack.Sample5"/>
  <testcase name="dologin" time="10.547" classname="mypack.Sample5"/>
  <testcase name="dologin" time="10.593" classname="mypack.Sample5"/>
  <testcase name="dologin" time="10.677" classname="mypack.Sample5"/>
  <testcase name="dologin" time="13.373" classname="mypack.Sample5"/>
  <testcase name="dologin" time="10.661" classname="mypack.Sample5"/>
</testsuite> <!-- mypack.Sample5 -->
