<?xml version="1.0" encoding="UTF-8"?>
<!-- Generated by org.testng.reporters.JUnitReportReporter -->
<testsuite skipped="0" hostname="DESKTOP-JVOG99D" name="mypack.Sample2" tests="4" failures="0" timestamp="20 Feb 2019 23:09:13 GMT" time="0.016" errors="0">
  <testcase name="method1" time="0.004" classname="mypack.Sample2"/>
  <testcase name="method1" time="0.008" classname="mypack.Sample2"/>
  <testcase name="method2" time="0.004" classname="mypack.Sample2"/>
  <testcase name="method2" time="0.000" classname="mypack.Sample2"/>
</testsuite> <!-- mypack.Sample2 -->
