<?xml version="1.0" encoding="UTF-8"?>
<!-- Generated by org.testng.reporters.JUnitReportReporter -->
<testsuite skipped="0" hostname="DESKTOP-JVOG99D" name="mypack.Sample2" tests="2" failures="0" timestamp="23 Jan 2019 07:07:29 GMT" time="0.016" errors="0">
  <testcase name="method1" time="0.012" classname="mypack.Sample2"/>
  <testcase name="method2" time="0.004" classname="mypack.Sample2"/>
</testsuite> <!-- mypack.Sample2 -->
