<?xml version="1.0" encoding="UTF-8"?>
<!-- Generated by org.testng.reporters.JUnitReportReporter -->
<testsuite skipped="0" hostname="DESKTOP-JVOG99D" name="mypack.Sample1" tests="4" failures="0" timestamp="20 Feb 2019 23:09:13 GMT" time="0.048" errors="0">
  <testcase name="testCase1" time="0.008" classname="mypack.Sample1"/>
  <testcase name="testCase1" time="0.012" classname="mypack.Sample1"/>
  <testcase name="testcase2" time="0.020" classname="mypack.Sample1"/>
  <testcase name="testcase2" time="0.008" classname="mypack.Sample1"/>
</testsuite> <!-- mypack.Sample1 -->
