<?xml version="1.0" encoding="UTF-8"?>
<!-- Generated by org.testng.reporters.JUnitReportReporter -->
<testsuite skipped="0" hostname="DESKTOP-JVOG99D" name="mypack.Sample1" tests="4" failures="0" timestamp="06 Dec 2018 04:25:40 GMT" time="0.046" errors="0">
  <testcase name="testCase1" time="0.015" classname="mypack.Sample1"/>
  <testcase name="testCase1" time="0.016" classname="mypack.Sample1"/>
  <testcase name="testcase2" time="0.015" classname="mypack.Sample1"/>
  <testcase name="testcase2" time="0.000" classname="mypack.Sample1"/>
</testsuite> <!-- mypack.Sample1 -->
